2024-06-18 22:55:35,665 [Worker-13] INFO  o.e.m.c.i.l.LifecycleMappingFactory - Using org.eclipse.m2e.jdt.JarLifecycleMapping lifecycle mapping for MavenProject: com.bikes:bikes:0.0.1-SNAPSHOT @ C:\Users\sivas\OneDrive\Desktop\Agon Full Project\Agon-Backend\pom.xml.
2024-06-18 22:55:43,035 [Worker-13] INFO  o.e.m.j.i.AbstractJavaProjectConfigurator - Adding source folder /Agon-Backend/src/main/java
2024-06-18 22:55:43,037 [Worker-13] INFO  o.e.m.j.i.AbstractJavaProjectConfigurator - Adding resource folder /Agon-Backend/src/main/resources
2024-06-18 22:55:43,056 [Worker-13] INFO  o.e.m.j.i.AbstractJavaProjectConfigurator - Adding resource folder /Agon-Backend/src/main/resources
2024-06-18 22:55:43,070 [Worker-13] INFO  o.e.m.j.i.AbstractJavaProjectConfigurator - Adding source folder /Agon-Backend/src/test/java
2024-06-18 22:55:47,375 [Worker-13] INFO  o.e.m.c.i.p.ProjectConfigurationManager - Imported and configured 1 project(s) in 15 sec
2024-06-18 22:55:48,936 [Worker-2] INFO  o.e.m.c.i.embedder.EclipseLogger - Using 'UTF-8' encoding to copy filtered resources.
2024-06-18 22:55:48,936 [Worker-2] INFO  o.e.m.c.i.embedder.EclipseLogger - Using 'UTF-8' encoding to copy filtered properties files.
2024-06-18 22:55:48,942 [Worker-2] INFO  o.e.m.c.i.embedder.EclipseLogger - Copying 1 resource
2024-06-18 22:55:48,982 [Worker-2] INFO  o.e.m.c.i.embedder.EclipseLogger - Copying 0 resource
2024-06-18 22:55:48,988 [Worker-2] INFO  o.e.m.c.i.embedder.EclipseLogger - Using 'UTF-8' encoding to copy filtered resources.
2024-06-18 22:55:48,988 [Worker-2] INFO  o.e.m.c.i.embedder.EclipseLogger - Using 'UTF-8' encoding to copy filtered properties files.
2024-06-18 22:55:48,989 [Worker-2] INFO  o.e.m.c.i.embedder.EclipseLogger - skip non existing resourceDirectory C:\Users\sivas\OneDrive\Desktop\Agon Full Project\Agon-Backend\src\test\resources
2024-06-18 22:59:13,301 [Worker-2] INFO  o.e.m.c.i.embedder.EclipseLogger - Using 'UTF-8' encoding to copy filtered resources.
2024-06-18 22:59:13,301 [Worker-2] INFO  o.e.m.c.i.embedder.EclipseLogger - Using 'UTF-8' encoding to copy filtered properties files.
2024-06-18 22:59:13,306 [Worker-2] INFO  o.e.m.c.i.embedder.EclipseLogger - Copying 1 resource
2024-06-18 22:59:13,332 [Worker-2] INFO  o.e.m.c.i.embedder.EclipseLogger - Copying 0 resource
2024-06-18 22:59:13,336 [Worker-2] INFO  o.e.m.c.i.embedder.EclipseLogger - Using 'UTF-8' encoding to copy filtered resources.
2024-06-18 22:59:13,336 [Worker-2] INFO  o.e.m.c.i.embedder.EclipseLogger - Using 'UTF-8' encoding to copy filtered properties files.
2024-06-18 22:59:13,336 [Worker-2] INFO  o.e.m.c.i.embedder.EclipseLogger - skip non existing resourceDirectory C:\Users\sivas\OneDrive\Desktop\Agon Full Project\Agon-Backend\src\test\resources
2024-06-18 23:04:17,524 [Worker-20] INFO  o.e.m.c.i.embedder.EclipseLogger - Using 'UTF-8' encoding to copy filtered resources.
2024-06-18 23:04:17,524 [Worker-20] INFO  o.e.m.c.i.embedder.EclipseLogger - Using 'UTF-8' encoding to copy filtered properties files.
2024-06-18 23:04:17,527 [Worker-20] INFO  o.e.m.c.i.embedder.EclipseLogger - Copying 1 resource
2024-06-18 23:04:17,534 [Worker-20] INFO  o.e.m.c.i.embedder.EclipseLogger - Copying 0 resource
2024-06-18 23:04:17,536 [Worker-20] INFO  o.e.m.c.i.embedder.EclipseLogger - Using 'UTF-8' encoding to copy filtered resources.
2024-06-18 23:04:17,536 [Worker-20] INFO  o.e.m.c.i.embedder.EclipseLogger - Using 'UTF-8' encoding to copy filtered properties files.
2024-06-18 23:04:17,536 [Worker-20] INFO  o.e.m.c.i.embedder.EclipseLogger - skip non existing resourceDirectory C:\Users\sivas\OneDrive\Desktop\Agon Full Project\Agon-Backend\src\test\resources
2024-06-19 10:14:43,587 [Worker-71] INFO  o.e.m.c.i.embedder.EclipseLogger - Using 'UTF-8' encoding to copy filtered resources.
2024-06-19 10:14:43,590 [Worker-71] INFO  o.e.m.c.i.embedder.EclipseLogger - Using 'UTF-8' encoding to copy filtered properties files.
2024-06-19 10:14:43,593 [Worker-71] INFO  o.e.m.c.i.embedder.EclipseLogger - Copying 1 resource
2024-06-19 10:14:43,667 [Worker-71] INFO  o.e.m.c.i.embedder.EclipseLogger - Copying 0 resource
2024-06-19 10:14:43,671 [Worker-71] INFO  o.e.m.c.i.embedder.EclipseLogger - Using 'UTF-8' encoding to copy filtered resources.
2024-06-19 10:14:43,672 [Worker-71] INFO  o.e.m.c.i.embedder.EclipseLogger - Using 'UTF-8' encoding to copy filtered properties files.
2024-06-19 10:14:43,672 [Worker-71] INFO  o.e.m.c.i.embedder.EclipseLogger - skip non existing resourceDirectory C:\Users\sivas\OneDrive\Desktop\Agon Full Project\Agon-Backend\src\test\resources
